\BOOKMARK [1][-]{section.1}{မြန်မာကျောင်းသားများအတွက် အခြေခံ bash command များ}{}% 1
\BOOKMARK [2][-]{subsection.1.1}{1.\040ls\040\(list\040directory\040contents\)}{section.1}% 2
\BOOKMARK [2][-]{subsection.1.2}{2.\040pwd\040\(print\040name\040of\040current/working\040directory\)}{section.1}% 3
\BOOKMARK [2][-]{subsection.1.3}{3.\040cd\040\(change\040the\040shell\040working\040directory\)}{section.1}% 4
\BOOKMARK [2][-]{subsection.1.4}{4.\040cat\040\(concatenate\040files\040and\040print\040on\040the\040standard\040output\)}{section.1}% 5
\BOOKMARK [2][-]{subsection.1.5}{5.\040file\040\(determine\040file\040type\)}{section.1}% 6
\BOOKMARK [2][-]{subsection.1.6}{6.\040head\040\(output\040the\040first\040part\040of\040files\)}{section.1}% 7
\BOOKMARK [2][-]{subsection.1.7}{7.\040tail\040\(output\040the\040last\040part\040of\040files\)}{section.1}% 8
\BOOKMARK [2][-]{subsection.1.8}{8.\040cp\040\(copy\040files\040and\040directories\)}{section.1}% 9
\BOOKMARK [2][-]{subsection.1.9}{9.\040mv\040\(move\040or\040rename\040file\)}{section.1}% 10
\BOOKMARK [2][-]{subsection.1.10}{10.\040rm\040\(remove\040files\040or\040directories\)}{section.1}% 11
\BOOKMARK [2][-]{subsection.1.11}{11.\040alias\040\(create\040simple\040names\040or\040abbreviations\)}{section.1}% 12
\BOOKMARK [2][-]{subsection.1.12}{12.\040touch\040\(change\040file\040timestamps\)}{section.1}% 13
\BOOKMARK [2][-]{subsection.1.13}{13.\040diff\040\(compare\040files\040line\040by\040line\)}{section.1}% 14
\BOOKMARK [2][-]{subsection.1.14}{14.\040less\040\(opposite\040of\040more\)}{section.1}% 15
\BOOKMARK [2][-]{subsection.1.15}{15.\040type\040\(display\040a\040command\040type\)}{section.1}% 16
\BOOKMARK [2][-]{subsection.1.16}{16.\040which\040\(locate\040a\040command\)}{section.1}% 17
\BOOKMARK [2][-]{subsection.1.17}{17.\040--help\040or\040-h\040\(display\040usage\040information\)}{section.1}% 18
\BOOKMARK [2][-]{subsection.1.18}{18.\040man\040\(system's\040manual\040pager\)}{section.1}% 19
\BOOKMARK [2][-]{subsection.1.19}{19.\040whatis\040\(display\040one-line\040manual\040page\040descriptions\)}{section.1}% 20
\BOOKMARK [2][-]{subsection.1.20}{20.\040info\040\(read\040Info\040documents\)}{section.1}% 21
\BOOKMARK [2][-]{subsection.1.21}{21.\040Escape\040Sequences}{section.1}% 22
\BOOKMARK [2][-]{subsection.1.22}{22.\040echo\040\(display\040a\040line\040of\040text\)}{section.1}% 23
\BOOKMARK [2][-]{subsection.1.23}{23.\040Wild\040Card\040\(*?\)\040and\040Brace\040Expansion\040[...],\040\173...\175}{section.1}% 24
\BOOKMARK [3][-]{subsubsection.1.23.1}{Wild\040Card}{subsection.1.23}% 25
\BOOKMARK [3][-]{subsubsection.1.23.2}{Brace\040Expansion}{subsection.1.23}% 26
\BOOKMARK [2][-]{subsection.1.24}{24.\040Piping\040and\040Redirection}{section.1}% 27
\BOOKMARK [2][-]{subsection.1.25}{26.\040Regular\040Expression\040\(RE\040or\040regex\)}{section.1}% 28
\BOOKMARK [3][-]{subsubsection.1.25.1}{Characters}{subsection.1.25}% 29
\BOOKMARK [3][-]{subsubsection.1.25.2}{Quantifiers}{subsection.1.25}% 30
\BOOKMARK [3][-]{subsubsection.1.25.3}{Whitespace}{subsection.1.25}% 31
\BOOKMARK [3][-]{subsubsection.1.25.4}{Character\040Classes}{subsection.1.25}% 32
\BOOKMARK [3][-]{subsubsection.1.25.5}{Anchors\040and\040Boundaries}{subsection.1.25}% 33
\BOOKMARK [3][-]{subsubsection.1.25.6}{POSIX\040Classes}{subsection.1.25}% 34
\BOOKMARK [3][-]{subsubsection.1.25.7}{Unicode\040Regular\040Expression}{subsection.1.25}% 35
\BOOKMARK [3][-]{subsubsection.1.25.8}{Inline\040Modifier}{subsection.1.25}% 36
\BOOKMARK [3][-]{subsubsection.1.25.9}{Lookahead\040and\040Lookbehind}{subsection.1.25}% 37
\BOOKMARK [3][-]{subsubsection.1.25.10}{Greedy\040and\040Lazy}{subsection.1.25}% 38
\BOOKMARK [2][-]{subsection.1.26}{27.\040find\040\(search\040for\040files\040in\040a\040directory\040hierarchy\)}{section.1}% 39
\BOOKMARK [2][-]{subsection.1.27}{28.\040grep\040\(Global\040Regular\040Expression\040Print\)}{section.1}% 40
\BOOKMARK [2][-]{subsection.1.28}{29.\040egrep\040\(Extended\040grep\)}{section.1}% 41
\BOOKMARK [2][-]{subsection.1.29}{30.\040sed\040\(stream\040editor\040for\040filtering\040and\040transforming\040text\)}{section.1}% 42
\BOOKMARK [3][-]{subsubsection.1.29.1}{Excution\040Cycle\040of\040sed}{subsection.1.29}% 43
\BOOKMARK [2][-]{subsection.1.30}{Some\040more\040examples\040of\040sed}{section.1}% 44
\BOOKMARK [2][-]{subsection.1.31}{Using\040RE\040with\040sed\040command}{section.1}% 45
\BOOKMARK [2][-]{subsection.1.32}{Address\040and\040address\040range\040of\040sed}{section.1}% 46
\BOOKMARK [2][-]{subsection.1.33}{31.\040awk}{section.1}% 47
\BOOKMARK [2][-]{subsection.1.34}{32.\040tac\040\(concatenate\040and\040print\040files\040in\040reverse\)}{section.1}% 48
\BOOKMARK [2][-]{subsection.1.35}{33.\040rev\040\(reverse\040lines\040characterwise\)}{section.1}% 49
\BOOKMARK [2][-]{subsection.1.36}{34.\040paste\040\(merge\040lines\040of\040files\)}{section.1}% 50
\BOOKMARK [1][-]{section.2}{dos2unix\040\(I\040am\040not\040telling\)}{}% 51
\BOOKMARK [2][-]{subsection.2.1}{References}{section.2}% 52
